{"level":"info","message":"::1: http - POST - Authentication attempt at /api/auth/authenticate"}
{"level":"info","message":"::1: http - POST - Authentication attempt at /api/auth/authenticate"}
{"level":"info","message":"::1: http - GET - Login attempt at /api/auth/login"}
{"level":"info","message":"::1: http - POST - Authentication attempt at /api/auth/authenticate | Sat Sep 26 2020 12:18:06 GMT+0200"}
{"level":"info","message":"::1: http - GET - Login attempt at /api/auth/login | Sat Sep 26 2020 12:18:07 GMT+0200"}
{"level":"info","message":"::1: http - POST - Authentication attempt at /api/auth/authenticate | Sat Sep 26 2020 12:18:27 GMT+0200"}
{"level":"info","message":"::1: http status 404 error: User - password combination not found. | Sat Sep 26 2020 12:18:27 GMT+0200"}
{"level":"info","message":"::1: http - POST - Authentication attempt at /api/auth/authenticate | Sat Sep 26 2020 12:18:54 GMT+0200"}
{"level":"info","message":"::1: http - GET - Login attempt at /api/auth/login | Sat Sep 26 2020 12:18:54 GMT+0200"}
{"level":"info","message":"IP ::1 sent http - POST - Authentication attempt at /api/auth/authenticate | Sat Sep 26 2020 12:41:49 GMT+0200"}
{"level":"info","message":"IP ::1 sent http - GET - Login attempt at /api/auth/login | Sat Sep 26 2020 12:41:50 GMT+0200"}
{"level":"info","message":"IP ::1 sent http - POST - Authentication attempt at /api/auth/authenticate | Sat Sep 26 2020 12:47:55 GMT+0200"}
{"level":"info","message":"IP ::1 sent http - GET - Login attempt at /api/auth/login | Sat Sep 26 2020 12:47:56 GMT+0200"}
{"level":"info","message":"IP ::1 sent http - POST - Authentication attempt at /api/auth/authenticate | Sat Sep 26 2020 12:51:25 GMT+0200"}
{"level":"info","message":"IP ::1 sent http - GET - Login attempt at /api/auth/login | Sat Sep 26 2020 12:51:26 GMT+0200"}
{"level":"info","message":"IP ::1 sent http - POST - Authentication attempt at /api/auth/authenticate | Sat Sep 26 2020 12:56:43 GMT+0200"}
{"level":"info","message":"IP ::1 sent http - GET - Login attempt at /api/auth/login | Sat Sep 26 2020 12:56:43 GMT+0200"}
{"level":"info","message":"IP ::1 sent http - POST - Authentication attempt at /api/auth/authenticate | Sat Sep 26 2020 13:02:37 GMT+0200"}
{"level":"info","message":"IP ::1 sent http - GET - Login attempt at /api/auth/login | Sat Sep 26 2020 13:02:39 GMT+0200"}
{"level":"info","message":"IP ::1 sent http - POST - Authentication attempt at /api/auth/authenticate | Sat Sep 26 2020 13:03:09 GMT+0200"}
{"level":"info","message":"IP ::1 sent http - GET - Login attempt at /api/auth/login | Sat Sep 26 2020 13:03:09 GMT+0200"}
{"level":"info","message":"IP ::1 sent http - POST - Authentication attempt at /api/auth/authenticate | Sat Sep 26 2020 13:33:16 GMT+0200"}
{"level":"info","message":"IP ::1 sent http - GET - Login attempt at /api/auth/login | Sat Sep 26 2020 13:33:17 GMT+0200"}
{"level":"info","message":"IP ::1 sent http - POST - Authentication attempt at /api/auth/authenticate | Sat Sep 26 2020 13:36:36 GMT+0200"}
{"level":"info","message":"IP ::1 sent http - GET - Login attempt at /api/auth/login | Sat Sep 26 2020 13:36:36 GMT+0200"}
{"level":"info","message":"IP ::1 sent http - POST - Authentication attempt at /api/auth/authenticate | Sat Sep 26 2020 13:48:00 GMT+0200"}
{"level":"info","message":"IP ::1 sent http - GET - Login attempt at /api/auth/login | Sat Sep 26 2020 13:48:00 GMT+0200"}
{"level":"info","message":"IP ::1 sent http - POST - Authentication attempt at /api/auth/authenticate | Sat Sep 26 2020 13:48:47 GMT+0200"}
{"level":"info","message":"IP ::1 sent http - GET - Login attempt at /api/auth/login | Sat Sep 26 2020 13:48:47 GMT+0200"}
{"level":"info","message":"IP ::1 sent http - POST - Authentication attempt at /api/auth/authenticate | Sat Sep 26 2020 13:49:57 GMT+0200"}
{"level":"info","message":"IP ::1 sent http - GET - Login attempt at /api/auth/login | Sat Sep 26 2020 13:49:58 GMT+0200"}
{"level":"info","message":"IP ::1 sent http - POST - Authentication attempt at /api/auth/authenticate | Sat Sep 26 2020 13:50:47 GMT+0200"}
{"level":"info","message":"IP ::1 sent http - GET - Login attempt at /api/auth/login | Sat Sep 26 2020 13:50:47 GMT+0200"}
{"level":"info","message":"IP ::1 sent http - POST - Authentication attempt at /api/auth/authenticate | Sat Sep 26 2020 13:56:56 GMT+0200"}
{"level":"info","message":"IP ::1 sent http - GET - Login attempt at /api/auth/login | Sat Sep 26 2020 13:56:56 GMT+0200"}
{"level":"info","message":"IP ::1 sent http - POST - Authentication attempt at /api/auth/authenticate | Sat Sep 26 2020 16:03:26 GMT+0200"}
{"level":"info","message":"IP ::1 sent http - GET - Login attempt at /api/auth/login | Sat Sep 26 2020 16:03:27 GMT+0200"}
{"level":"info","message":"IP ::1 sent http - POST - Authentication attempt at /api/auth/authenticate | Sat Sep 26 2020 16:04:33 GMT+0200"}
{"level":"info","message":"IP ::1 sent http - GET - Login attempt at /api/auth/login | Sat Sep 26 2020 16:04:33 GMT+0200"}
{"level":"info","message":"IP ::1 sent http - POST - Authentication attempt at /api/auth/authenticate | Sat Sep 26 2020 16:05:33 GMT+0200"}
{"level":"info","message":"IP ::1 sent http - GET - Login attempt at /api/auth/login | Sat Sep 26 2020 16:05:34 GMT+0200"}
{"level":"info","message":"IP ::1 sent http - POST - Authentication attempt at /api/auth/authenticate | Sat Sep 26 2020 18:06:48 GMT+0200"}
{"level":"info","message":"IP ::1 sent http - GET - Login attempt at /api/auth/login | Sat Sep 26 2020 18:06:49 GMT+0200"}
{"level":"info","message":"IP ::1 sent http - POST - Authentication attempt at /api/auth/authenticate | Sat Sep 26 2020 20:49:22 GMT+0200"}
{"level":"info","message":"IP ::1 sent http - GET - Login attempt at /api/auth/login | Sat Sep 26 2020 20:49:22 GMT+0200"}
{"level":"info","message":"IP ::1 sent http - POST - Authentication attempt at /api/auth/authenticate | Sat Sep 26 2020 20:50:01 GMT+0200"}
{"level":"info","message":"IP ::1 sent http - GET - Login attempt at /api/auth/login | Sat Sep 26 2020 20:50:01 GMT+0200"}
{"level":"info","message":"IP ::1 sent http - POST - Authentication attempt at /api/auth/authenticate | Sat Sep 26 2020 21:58:05 GMT+0200"}
{"level":"info","message":"IP ::1 sent http - GET - Login attempt at /api/auth/login | Sat Sep 26 2020 21:58:05 GMT+0200"}
{"level":"info","message":"IP ::1 sent http - POST - Authentication attempt at /api/auth/authenticate | Sat Sep 26 2020 21:59:36 GMT+0200"}
{"level":"info","message":"IP ::1 sent http - GET - Login attempt at /api/auth/login | Sat Sep 26 2020 21:59:37 GMT+0200"}
{"level":"info","message":"IP ::1 sent http - POST - Authentication attempt at /api/auth/authenticate | Sat Sep 26 2020 23:47:29 GMT+0200"}
{"level":"info","message":"IP ::1 sent http - GET - Login attempt at /api/auth/login | Sat Sep 26 2020 23:47:30 GMT+0200"}
{"level":"info","message":"IP ::1 sent http - POST - Authentication attempt at /api/auth/authenticate | Sat Sep 26 2020 23:48:53 GMT+0200"}
{"level":"info","message":"IP ::1 sent http - GET - Login attempt at /api/auth/login | Sat Sep 26 2020 23:48:53 GMT+0200"}
{"level":"info","message":"IP ::1 sent http - POST - Authentication attempt at /api/auth/authenticate | Sat Sep 26 2020 23:50:18 GMT+0200"}
{"level":"info","message":"IP ::1 sent http - GET - Login attempt at /api/auth/login | Sat Sep 26 2020 23:50:19 GMT+0200"}
{"level":"info","message":"IP ::1 sent http - POST - Authentication attempt at /api/auth/authenticate | Sun Sep 27 2020 10:23:36 GMT+0200"}
{"level":"info","message":"IP ::1 sent http - GET - Login attempt at /api/auth/login | Sun Sep 27 2020 10:23:37 GMT+0200"}
{"level":"info","message":"IP ::1 sent http - POST - Authentication attempt at /api/auth/authenticate | Sun Sep 27 2020 10:27:56 GMT+0200"}
{"level":"info","message":"IP ::1 sent http status 404 error: User - password combination not found. | Sun Sep 27 2020 10:27:56 GMT+0200"}
{"level":"info","message":"IP ::1 sent http - POST - Authentication attempt at /api/auth/authenticate | Sun Sep 27 2020 10:29:27 GMT+0200"}
{"level":"info","message":"IP ::1 sent http status 404 error: User - password combination not found. | Sun Sep 27 2020 10:29:27 GMT+0200"}
{"level":"info","message":"IP ::1 sent http - GET - Login attempt at /api/auth/register | Wed Oct 21 2020 21:25:23 GMT+0200"}
{"level":"info","message":"IP ::1 sent http - POST - Authentication attempt at /api/auth/register | Wed Oct 21 2020 21:25:32 GMT+0200"}
{"level":"info","message":"IP ::1 sent http - POST - Authentication attempt at /api/auth/register | Wed Oct 21 2020 21:27:11 GMT+0200"}
{"level":"info","message":"IP ::1 sent http - POST - Authentication attempt at /api/auth/register | Wed Oct 21 2020 21:28:02 GMT+0200"}
{"level":"info","message":"IP ::1 sent http - POST - Authentication attempt at /api/auth/register | Wed Oct 21 2020 21:29:02 GMT+0200"}
{"level":"info","message":"IP ::1 sent http - POST - Authentication attempt at /api/auth/register | Wed Oct 21 2020 21:29:29 GMT+0200"}
{"level":"info","message":"IP ::1 sent http - POST - Authentication attempt at /api/auth/register | Wed Oct 21 2020 21:30:45 GMT+0200"}
{"level":"info","message":"IP ::1 sent http - POST - Authentication attempt at /api/auth/register | Wed Oct 21 2020 21:32:04 GMT+0200"}
{"level":"info","message":"IP ::1 sent http - POST - Authentication attempt at /api/auth/register | Wed Oct 21 2020 21:34:51 GMT+0200"}
{"level":"info","message":"IP ::1 sent http - POST - Authentication attempt at /api/auth/register | Wed Oct 21 2020 21:35:12 GMT+0200"}
{"level":"info","message":"IP ::1 sent http - POST - Authentication attempt at /api/auth/register | Wed Oct 21 2020 21:47:01 GMT+0200"}
{"level":"info","message":"IP ::1 sent http - POST - Authentication attempt at /api/auth/register | Wed Oct 21 2020 21:47:17 GMT+0200"}
{"level":"info","message":"IP ::1 sent http - POST - Authentication attempt at /api/auth/register | Wed Oct 21 2020 21:48:05 GMT+0200"}
{"level":"info","message":"IP ::1 sent http - POST - Authentication attempt at /api/auth/register | Wed Oct 21 2020 21:48:13 GMT+0200"}
{"level":"info","message":"IP ::1 sent http - POST - Authentication attempt at /api/auth/register | Wed Oct 21 2020 21:50:06 GMT+0200"}
{"level":"info","message":"IP ::1 sent http - POST - Authentication attempt at /api/auth/register | Wed Oct 21 2020 21:52:12 GMT+0200"}
{"level":"info","message":"IP ::1 sent http - POST - Authentication attempt at /api/auth/register | Wed Oct 21 2020 21:53:06 GMT+0200"}
{"level":"info","message":"IP ::1 sent http - POST - Authentication attempt at /api/auth/register | Fri Oct 23 2020 18:56:43 GMT+0200"}
{"level":"info","message":"IP ::1 sent http - POST - Authentication attempt at /api/auth/register | Fri Oct 23 2020 18:58:52 GMT+0200"}
{"level":"info","message":"IP ::1 sent http - POST - Authentication attempt at /api/auth/register | Fri Oct 23 2020 18:59:49 GMT+0200"}
{"level":"info","message":"IP ::1 sent http - POST - Authentication attempt at /api/auth/register | Fri Oct 23 2020 19:07:26 GMT+0200"}
{"level":"info","message":"IP ::1 sent http - POST - Authentication attempt at /api/auth/register | Fri Oct 23 2020 19:22:04 GMT+0200"}
{"level":"info","message":"IP ::1 sent http - POST - Authentication attempt at /api/auth/register | Fri Oct 23 2020 19:22:34 GMT+0200"}
{"level":"info","message":"IP ::1 sent http - POST - Authentication attempt at /api/auth/register | Fri Oct 23 2020 19:22:50 GMT+0200"}
{"level":"info","message":"IP ::1 sent http - POST - Authentication attempt at /api/auth/register | Fri Oct 23 2020 19:23:48 GMT+0200"}
{"level":"info","message":"IP ::1 sent http - POST - Authentication attempt at /api/auth/register | Fri Oct 23 2020 19:24:42 GMT+0200"}
{"level":"info","message":"IP ::1 sent http - POST - Authentication attempt at /api/auth/register | Fri Oct 23 2020 19:25:34 GMT+0200"}
{"level":"info","message":"IP ::1 sent http - POST - Authentication attempt at /api/auth/register | Fri Oct 23 2020 19:25:47 GMT+0200"}
{"level":"info","message":"IP ::1 sent http - POST - Authentication attempt at /api/auth/register | Fri Oct 23 2020 19:27:14 GMT+0200"}
{"level":"info","message":"IP ::1 sent http - POST - Authentication attempt at /api/auth/register | Fri Oct 23 2020 19:30:36 GMT+0200"}
{"level":"info","message":"IP ::1 sent http - POST - Authentication attempt at /api/auth/register | Fri Oct 23 2020 19:30:43 GMT+0200"}
{"level":"info","message":"IP ::1 sent http - POST - Authentication attempt at /api/auth/register | Fri Oct 23 2020 23:46:44 GMT+0200"}
{"level":"info","message":"IP ::1 sent http - POST - Authentication attempt at /api/auth/register | Sat Oct 24 2020 00:33:54 GMT+0200"}
{"level":"info","message":"IP ::1 sent http - POST - Authentication attempt at /api/auth/register | Sat Oct 24 2020 00:34:18 GMT+0200"}
{"level":"info","message":"IP ::1 sent http - POST - Authentication attempt at /api/auth/register | Sat Oct 24 2020 00:35:19 GMT+0200"}
{"level":"info","message":"IP ::1 sent http - POST - Authentication attempt at /api/auth/register | Sat Oct 24 2020 00:35:30 GMT+0200"}
{"level":"info","message":"IP ::1 sent http - POST - Authentication attempt at /api/auth/register | Sat Oct 24 2020 00:39:05 GMT+0200"}
{"level":"info","message":"IP ::1 sent http - POST - Authentication attempt at /api/auth/register | Sat Oct 24 2020 00:40:15 GMT+0200"}
{"level":"info","message":"IP ::1 sent http - POST - Authentication attempt at /api/auth/register | Sat Oct 24 2020 00:41:16 GMT+0200"}
{"level":"info","message":"IP ::1 sent http - POST - Authentication attempt at /api/auth/register | Sat Oct 24 2020 00:42:13 GMT+0200"}
{"level":"info","message":"IP ::1 sent http - POST - Authentication attempt at /api/auth/register | Sat Oct 24 2020 00:44:30 GMT+0200"}
{"level":"info","message":"IP ::1 sent http - POST - Authentication attempt at /api/auth/register | Sat Oct 24 2020 00:44:51 GMT+0200"}
{"level":"info","message":"IP ::1 sent http - POST - Authentication attempt at /api/auth/register | Sat Oct 24 2020 12:20:02 GMT+0200"}
{"level":"info","message":"IP ::1 sent http - POST - Authentication attempt at /api/auth/register | Sat Oct 24 2020 12:20:18 GMT+0200"}
{"level":"info","message":"IP ::1 sent http - POST - Authentication attempt at /api/auth/register | Sat Oct 24 2020 12:24:45 GMT+0200"}
{"level":"info","message":"IP ::1 sent http - POST - Authentication attempt at /api/auth/register | Sat Oct 24 2020 12:30:47 GMT+0200"}
{"level":"info","message":"IP ::1 sent http - POST - Authentication attempt at /api/auth/register | Sat Oct 24 2020 12:31:06 GMT+0200"}
{"level":"info","message":"IP ::1 sent http - POST - Authentication attempt at /api/auth/register | Sat Oct 24 2020 12:31:53 GMT+0200"}
{"level":"info","message":"IP ::1 sent http - POST - Authentication attempt at /api/auth/register | Sat Oct 24 2020 12:32:20 GMT+0200"}
{"level":"info","message":"IP ::1 sent http - POST - Authentication attempt at /api/auth/register | Sat Oct 24 2020 12:32:37 GMT+0200"}
{"level":"info","message":"IP ::1 sent http - POST - Authentication attempt at /api/auth/register | Sat Oct 24 2020 12:37:43 GMT+0200"}
{"level":"info","message":"IP ::1 sent http - POST - Authentication attempt at /api/auth/register | Sat Oct 24 2020 12:37:55 GMT+0200"}
{"level":"info","message":"IP ::1 sent http - POST - Authentication attempt at /api/auth/register | Sat Oct 24 2020 12:42:06 GMT+0200"}
{"level":"info","message":"IP ::1 sent http - POST - Authentication attempt at /api/auth/register | Sat Oct 24 2020 12:42:27 GMT+0200"}
{"level":"info","message":"IP ::1 sent http - POST - Authentication attempt at /api/auth/register | Sat Oct 24 2020 12:52:25 GMT+0200"}
{"level":"info","message":"IP ::1 sent http - POST - Authentication attempt at /api/auth/register | Sat Oct 24 2020 12:52:44 GMT+0200"}
{"level":"info","message":"IP ::1 sent http - POST - Authentication attempt at /api/auth/register | Sat Oct 24 2020 12:59:37 GMT+0200"}
{"level":"info","message":"IP ::1 sent http - POST - Authentication attempt at /api/auth/register | Sat Oct 24 2020 12:59:44 GMT+0200"}
{"level":"info","message":"IP ::1 sent http - POST - Authentication attempt at /api/auth/register | Sat Oct 24 2020 13:05:14 GMT+0200"}
{"level":"info","message":"IP ::1 sent http - POST - Authentication attempt at /api/auth/register | Sat Oct 24 2020 13:06:01 GMT+0200"}
{"level":"info","message":"IP ::1 sent http - POST - Authentication attempt at /api/auth/register | Sat Oct 24 2020 13:06:12 GMT+0200"}
{"level":"info","message":"IP ::1 sent http - POST - Authentication attempt at /api/auth/register | Sat Oct 24 2020 13:07:07 GMT+0200"}
{"level":"info","message":"IP ::1 sent http - POST - Authentication attempt at /api/auth/register | Sat Oct 24 2020 13:07:37 GMT+0200"}
{"level":"info","message":"IP ::1 sent http - POST - Authentication attempt at /api/auth/register | Sat Oct 24 2020 13:07:56 GMT+0200"}
{"level":"info","message":"IP ::1 sent http - POST - Authentication attempt at /api/auth/register | Sat Oct 24 2020 13:08:34 GMT+0200"}
{"level":"info","message":"IP ::1 sent http - POST - Authentication attempt at /api/auth/register | Sat Oct 24 2020 13:08:52 GMT+0200"}
{"level":"info","message":"IP ::1 sent http - POST - Authentication attempt at /api/auth/register | Sat Oct 24 2020 13:09:48 GMT+0200"}
{"level":"info","message":"IP ::1 sent http - POST - Authentication attempt at /api/auth/register | Sat Oct 24 2020 13:10:04 GMT+0200"}
{"level":"info","message":"IP ::1 sent http - POST - Authentication attempt at /api/auth/register | Sat Oct 24 2020 13:10:52 GMT+0200"}
{"level":"info","message":"IP ::1 sent http - POST - Authentication attempt at /api/auth/register | Sat Oct 24 2020 13:11:06 GMT+0200"}
{"level":"info","message":"IP ::1 sent http - POST - Authentication attempt at /api/auth/register | Sat Oct 24 2020 13:11:27 GMT+0200"}
{"level":"info","message":"IP ::1 sent http - POST - Authentication attempt at /api/auth/register | Sat Oct 24 2020 13:13:43 GMT+0200"}
{"level":"info","message":"IP ::1 sent http - POST - Authentication attempt at /api/auth/register | Sat Oct 24 2020 13:14:34 GMT+0200"}
{"level":"info","message":"IP ::1 sent http - POST - Authentication attempt at /api/auth/register | Sat Oct 24 2020 13:14:47 GMT+0200"}
{"level":"info","message":"IP ::1 sent http - POST - Authentication attempt at /api/auth/register | Sat Oct 24 2020 13:15:14 GMT+0200"}
{"level":"info","message":"IP ::1 sent http - POST - Authentication attempt at /api/auth/register | Sat Oct 24 2020 13:15:23 GMT+0200"}
{"level":"info","message":"IP ::1 sent http - POST - Authentication attempt at /api/auth/register | Sat Oct 24 2020 13:15:49 GMT+0200"}
{"level":"info","message":"IP ::1 sent http - POST - Authentication attempt at /api/auth/register | Sat Oct 24 2020 13:15:56 GMT+0200"}
{"level":"info","message":"IP ::1 sent http - POST - Authentication attempt at /api/auth/register | Sat Oct 24 2020 13:16:30 GMT+0200"}
{"level":"info","message":"IP ::1 sent http - POST - Authentication attempt at /api/auth/register | Sat Oct 24 2020 13:17:28 GMT+0200"}
{"level":"info","message":"IP ::1 sent http - POST - Authentication attempt at /api/auth/register | Sat Oct 24 2020 13:18:45 GMT+0200"}
{"level":"info","message":"IP ::1 sent http - POST - Authentication attempt at /api/auth/register | Sat Oct 24 2020 13:19:31 GMT+0200"}
{"level":"info","message":"IP ::1 sent http - POST - Authentication attempt at /api/auth/register | Sat Oct 24 2020 13:20:59 GMT+0200"}
{"level":"info","message":"IP ::1 sent http - POST - Authentication attempt at /api/auth/register | Sat Oct 24 2020 13:23:29 GMT+0200"}
{"level":"info","message":"IP ::1 sent http - POST - Authentication attempt at /api/auth/register | Sat Oct 24 2020 13:24:21 GMT+0200"}
{"level":"info","message":"IP ::1 sent http - POST - Authentication attempt at /api/auth/register | Sat Oct 24 2020 13:25:25 GMT+0200"}
